2025-01-11 18:07:35,754 - INFO - Starting Bitcoin Monitor...
2025-01-11 18:30:58,330 - INFO - Starting Bitcoin Monitor...
2025-01-11 18:49:32,418 - INFO - Starting Bitcoin Monitor...
2025-01-11 18:53:25,982 - INFO - Starting Bitcoin Monitor...
2025-01-11 19:05:02,888 - INFO - Starting Bitcoin Monitor...
2025-01-11 19:06:33,766 - INFO - Starting Bitcoin Monitor...
2025-01-12 03:52:18,578 - INFO - Starting Bitcoin Monitor...
2025-01-12 03:53:10,790 - INFO - Starting Bitcoin Monitor...
2025-01-12 03:57:42,149 - INFO - Starting Bitcoin Monitor...
2025-01-12 06:48:12,570 - INFO - Starting Bitcoin Monitor...
2025-01-12 06:50:14,999 - INFO - Starting Bitcoin Monitor...
2025-01-12 07:19:31,759 - INFO - Starting Bitcoin Monitor...
2025-01-14 08:08:22,435 - INFO - Starting Bitcoin Monitor...
2025-01-14 16:04:21,760 - INFO - Updating DOJ addresses...
2025-01-14 16:04:21,760 - INFO - Starting Bitcoin Monitor...
2025-01-14 16:04:24,722 - INFO - Found 0 new DOJ addresses
2025-01-14 16:07:01,448 - INFO - Updating DOJ addresses...
2025-01-14 16:07:01,448 - INFO - Starting Bitcoin Monitor...
2025-01-14 16:07:04,472 - INFO - Found 0 new DOJ addresses
2025-01-14 16:08:04,744 - INFO - Updating DOJ addresses...
2025-01-14 16:08:04,744 - INFO - Starting Bitcoin Monitor...
2025-01-14 16:08:09,107 - INFO - Found 0 new DOJ addresses
2025-01-14 16:12:55,083 - INFO - Updating DOJ addresses...
2025-01-14 16:12:55,083 - INFO - Starting Bitcoin Monitor...
2025-01-14 16:12:58,919 - INFO - Found 0 new DOJ addresses
2025-01-14 17:57:27,622 - INFO - Updating DOJ addresses...
2025-01-14 17:57:27,622 - INFO - Starting Bitcoin Monitor...
2025-01-14 17:57:29,329 - INFO - Found 0 new DOJ addresses
2025-01-14 17:57:31,749 - ERROR - Error collecting whale transactions: 'BitcoinWhaleTracker' object has no attribute 'process_transaction'
2025-01-14 18:08:05,726 - INFO - New Block: 879245 | Hash: 00000000...
2025-01-14 18:08:08,295 - ERROR - Error collecting whale transactions: 'BitcoinWhaleTracker' object has no attribute 'process_transaction'
2025-01-14 18:21:09,819 - INFO - Updating DOJ addresses...
2025-01-14 18:21:09,820 - INFO - Starting Bitcoin Monitor...
2025-01-14 18:21:10,937 - ERROR - Failed to get price status
2025-01-14 18:21:11,535 - INFO - Found 0 new DOJ addresses
2025-01-14 18:21:14,149 - ERROR - Error collecting data: 'BitcoinWhaleTracker' object has no attribute 'process_transaction'
2025-01-14 18:26:18,509 - INFO - Updating DOJ addresses...
2025-01-14 18:26:18,509 - INFO - Starting Bitcoin Monitor...
2025-01-14 18:26:19,677 - ERROR - Failed to get price status
2025-01-14 18:26:22,752 - ERROR - Error collecting data: 'BitcoinWhaleTracker' object has no attribute 'process_transaction'
2025-01-14 18:26:23,711 - INFO - Found 0 new DOJ addresses
2025-01-14 18:27:24,207 - ERROR - Failed to get price status
2025-01-14 18:28:25,847 - ERROR - Failed to get price status
2025-01-14 18:28:40,300 - INFO - Updating DOJ addresses...
2025-01-14 18:28:40,300 - INFO - Starting Bitcoin Monitor...
2025-01-14 18:28:41,410 - ERROR - Failed to get price status
2025-01-14 18:28:44,777 - ERROR - Error collecting data: 'BitcoinWhaleTracker' object has no attribute 'process_transaction'
2025-01-14 18:28:45,385 - INFO - Found 0 new DOJ addresses
2025-01-15 13:08:56,487 - INFO - Updating DOJ addresses...
2025-01-15 13:08:56,487 - INFO - Starting Bitcoin Monitor...
2025-01-15 13:09:02,005 - INFO - Found 0 new DOJ addresses
2025-01-15 13:13:03,896 - ERROR - Error checking whale transactions: 'BitcoinWhaleTracker' object has no attribute 'process_transaction'
2025-01-15 13:13:14,155 - INFO - Sleeping for 10 minutes...
2025-01-15 13:23:15,887 - INFO - New Block: 879358 | Hash: 00000000...
2025-01-15 13:23:32,887 - ERROR - Error checking whale transactions: 'BitcoinWhaleTracker' object has no attribute 'process_transaction'
2025-01-15 13:23:36,354 - INFO - Sleeping for 10 minutes...
2025-01-15 13:33:38,097 - INFO - New Block: 879360 | Hash: 00000000...
2025-01-15 13:33:51,902 - ERROR - Error checking whale transactions: 'BitcoinWhaleTracker' object has no attribute 'process_transaction'
2025-01-15 13:33:55,598 - INFO - Sleeping for 10 minutes...
2025-01-15 13:44:07,751 - INFO - Sleeping for 10 minutes...
2025-01-15 13:54:09,271 - INFO - New Block: 879362 | Hash: 00000000...
2025-01-15 13:54:19,582 - ERROR - Error checking whale transactions: 'BitcoinWhaleTracker' object has no attribute 'process_transaction'
2025-01-15 13:54:23,483 - INFO - Sleeping for 10 minutes...
2025-01-15 14:04:26,889 - INFO - Sleeping for 10 minutes...
2025-01-15 14:14:30,617 - INFO - New Block: 879363 | Hash: 00000000...
2025-01-15 14:14:39,411 - ERROR - Error checking whale transactions: 'BitcoinWhaleTracker' object has no attribute 'process_transaction'
2025-01-15 14:14:41,942 - INFO - Sleeping for 10 minutes...
2025-01-15 14:24:48,650 - INFO - Sleeping for 10 minutes...
2025-01-15 14:34:50,320 - INFO - New Block: 879365 | Hash: 00000000...
2025-01-15 14:35:06,272 - ERROR - Error checking whale transactions: 'BitcoinWhaleTracker' object has no attribute 'process_transaction'
2025-01-15 14:35:11,939 - INFO - Sleeping for 10 minutes...
2025-01-15 14:45:15,277 - INFO - New Block: 879366 | Hash: 00000000...
2025-01-15 14:45:23,073 - ERROR - Error checking whale transactions: 'BitcoinWhaleTracker' object has no attribute 'process_transaction'
2025-01-15 14:45:33,244 - INFO - Sleeping for 10 minutes...
2025-01-15 14:55:38,912 - INFO - Sleeping for 10 minutes...
2025-01-15 15:05:41,277 - INFO - New Block: 879367 | Hash: 00000000...
2025-01-15 15:06:01,603 - ERROR - Error checking whale transactions: 'BitcoinWhaleTracker' object has no attribute 'process_transaction'
2025-01-15 15:06:09,616 - INFO - Sleeping for 10 minutes...
2025-01-15 15:16:11,765 - INFO - New Block: 879370 | Hash: 00000000...
2025-01-15 15:16:14,858 - ERROR - Error checking whale transactions: 'BitcoinWhaleTracker' object has no attribute 'process_transaction'
2025-01-15 15:16:18,486 - INFO - Sleeping for 10 minutes...
2025-01-15 15:26:25,471 - INFO - Sleeping for 10 minutes...
2025-01-15 15:36:26,978 - INFO - New Block: 879371 | Hash: 00000000...
2025-01-15 15:36:34,680 - ERROR - Error checking whale transactions: 'BitcoinWhaleTracker' object has no attribute 'process_transaction'
2025-01-15 15:36:39,688 - INFO - Sleeping for 10 minutes...
2025-01-16 07:15:46,738 - INFO - Updating DOJ addresses...
2025-01-16 07:15:46,739 - INFO - Starting Bitcoin Monitor...
2025-01-16 07:15:50,968 - INFO - Found 0 new DOJ addresses
2025-01-16 07:15:53,106 - ERROR - Error checking whale transactions: 'BitcoinWhaleTracker' object has no attribute 'process_transaction'
2025-01-16 07:15:54,693 - INFO - Sleeping for 10 minutes...
2025-01-16 07:30:18,744 - INFO - New Block: 879465 | Hash: 00000000...
2025-01-16 07:30:20,670 - ERROR - Error checking whale transactions: 'BitcoinWhaleTracker' object has no attribute 'process_transaction'
2025-01-16 07:30:22,317 - ERROR - Error posting price status: 403 Forbidden
453 - You currently have access to a subset of X API V2 endpoints and limited v1.1 endpoints (e.g. media post, oauth) only. If you need access to this endpoint, you may need a different access level. You can learn more here: https://developer.x.com/en/portal/product
2025-01-16 07:30:22,318 - INFO - Sleeping for 10 minutes...
2025-01-16 07:31:19,560 - INFO - Updating DOJ addresses...
2025-01-16 07:31:19,560 - INFO - Starting Bitcoin Monitor...
2025-01-16 07:31:19,571 - ERROR - Error getting latest block: HTTPSConnectionPool(host='blockchain.info', port=443): Max retries exceeded with url: /latestblock (Caused by NameResolutionError("<urllib3.connection.HTTPSConnection object at 0x10faee9c0>: Failed to resolve 'blockchain.info' ([Errno 8] nodename nor servname provided, or not known)"))
2025-01-16 07:31:19,571 - ERROR - Error scanning https://www.justice.gov/criminal-mlars/equitable-sharing-program: HTTPSConnectionPool(host='www.justice.gov', port=443): Max retries exceeded with url: /criminal-mlars/equitable-sharing-program (Caused by NameResolutionError("<urllib3.connection.HTTPSConnection object at 0x10e28a5a0>: Failed to resolve 'www.justice.gov' ([Errno 8] nodename nor servname provided, or not known)"))
2025-01-16 07:31:19,574 - ERROR - Error scanning https://www.justice.gov/usao/pressreleases: HTTPSConnectionPool(host='www.justice.gov', port=443): Max retries exceeded with url: /usao/pressreleases (Caused by NameResolutionError("<urllib3.connection.HTTPSConnection object at 0x10faef470>: Failed to resolve 'www.justice.gov' ([Errno 8] nodename nor servname provided, or not known)"))
2025-01-16 07:31:19,576 - INFO - Found 0 new DOJ addresses
2025-01-16 07:31:19,577 - INFO - Sleeping for 10 minutes...
2025-01-16 08:44:57,301 - INFO - Updating DOJ addresses...
2025-01-16 08:44:57,301 - INFO - Starting Bitcoin Monitor...
2025-01-16 08:44:59,968 - INFO - Found 0 new DOJ addresses
2025-01-16 12:42:30,117 - INFO - Updating DOJ addresses...
2025-01-16 12:42:30,117 - INFO - Starting Bitcoin Monitor...
2025-01-16 12:42:37,230 - INFO - Found 0 new DOJ addresses
2025-01-16 12:42:37,882 - ERROR - Error checking whale transactions: 'BitcoinWhaleTracker' object has no attribute 'process_transaction'
2025-01-16 12:42:43,560 - ERROR - Error posting price status: 403 Forbidden
453 - You currently have access to a subset of X API V2 endpoints and limited v1.1 endpoints (e.g. media post, oauth) only. If you need access to this endpoint, you may need a different access level. You can learn more here: https://developer.x.com/en/portal/product
2025-01-16 12:42:43,560 - INFO - Sleeping for 10 minutes...
2025-01-16 15:58:36,841 - INFO - Updating DOJ addresses...
2025-01-16 15:58:36,841 - INFO - Starting Bitcoin Monitor...
2025-01-16 15:58:44,764 - INFO - Found 0 new DOJ addresses
2025-01-16 15:58:45,465 - ERROR - Error checking whale transactions: 403 Forbidden
453 - You currently have access to a subset of X API V2 endpoints and limited v1.1 endpoints (e.g. media post, oauth) only. If you need access to this endpoint, you may need a different access level. You can learn more here: https://developer.x.com/en/portal/product
2025-01-16 15:58:47,386 - ERROR - Error posting price status: 403 Forbidden
453 - You currently have access to a subset of X API V2 endpoints and limited v1.1 endpoints (e.g. media post, oauth) only. If you need access to this endpoint, you may need a different access level. You can learn more here: https://developer.x.com/en/portal/product
2025-01-16 15:58:47,386 - INFO - Sleeping for 10 minutes...
2025-01-16 16:18:27,358 - INFO - New Block: 879508 | Hash: 00000000...
2025-01-16 16:18:38,988 - ERROR - Error checking whale transactions: 403 Forbidden
453 - You currently have access to a subset of X API V2 endpoints and limited v1.1 endpoints (e.g. media post, oauth) only. If you need access to this endpoint, you may need a different access level. You can learn more here: https://developer.x.com/en/portal/product
2025-01-16 16:18:40,881 - ERROR - Error posting price status: 403 Forbidden
453 - You currently have access to a subset of X API V2 endpoints and limited v1.1 endpoints (e.g. media post, oauth) only. If you need access to this endpoint, you may need a different access level. You can learn more here: https://developer.x.com/en/portal/product
2025-01-16 16:18:40,882 - INFO - Sleeping for 10 minutes...
2025-01-16 16:29:08,878 - INFO - Updating DOJ addresses...
2025-01-16 16:29:08,878 - INFO - Starting Bitcoin Monitor...
2025-01-16 16:29:10,802 - ERROR - Error posting price status: 403 Forbidden
453 - You currently have access to a subset of X API V2 endpoints and limited v1.1 endpoints (e.g. media post, oauth) only. If you need access to this endpoint, you may need a different access level. You can learn more here: https://developer.x.com/en/portal/product
2025-01-16 16:29:10,809 - INFO - Sleeping for 10 minutes...
2025-01-16 16:29:10,850 - INFO - Found 0 new DOJ addresses
2025-01-16 16:42:18,361 - INFO - Updating DOJ addresses...
2025-01-16 16:42:18,361 - INFO - Starting Bitcoin Monitor...
2025-01-16 16:42:21,549 - ERROR - Error in main loop: 403 Forbidden
453 - You currently have access to a subset of X API V2 endpoints and limited v1.1 endpoints (e.g. media post, oauth) only. If you need access to this endpoint, you may need a different access level. You can learn more here: https://developer.x.com/en/portal/product
2025-01-16 16:42:24,865 - INFO - Found 0 new DOJ addresses
2025-01-16 17:06:50,468 - INFO - Updating DOJ addresses...
2025-01-16 17:06:50,468 - INFO - Starting Bitcoin Monitor...
2025-01-16 17:06:53,337 - ERROR - Error in main loop: 403 Forbidden
453 - You currently have access to a subset of X API V2 endpoints and limited v1.1 endpoints (e.g. media post, oauth) only. If you need access to this endpoint, you may need a different access level. You can learn more here: https://developer.x.com/en/portal/product
2025-01-16 17:06:53,623 - INFO - Found 0 new DOJ addresses
2025-01-16 17:07:26,150 - ERROR - Error in main loop: 403 Forbidden
453 - You currently have access to a subset of X API V2 endpoints and limited v1.1 endpoints (e.g. media post, oauth) only. If you need access to this endpoint, you may need a different access level. You can learn more here: https://developer.x.com/en/portal/product
2025-01-16 17:08:00,406 - ERROR - Error in main loop: 403 Forbidden
453 - You currently have access to a subset of X API V2 endpoints and limited v1.1 endpoints (e.g. media post, oauth) only. If you need access to this endpoint, you may need a different access level. You can learn more here: https://developer.x.com/en/portal/product
2025-01-16 17:08:34,152 - ERROR - Error in main loop: 403 Forbidden
453 - You currently have access to a subset of X API V2 endpoints and limited v1.1 endpoints (e.g. media post, oauth) only. If you need access to this endpoint, you may need a different access level. You can learn more here: https://developer.x.com/en/portal/product
2025-01-16 17:09:06,488 - ERROR - Error in main loop: 403 Forbidden
453 - You currently have access to a subset of X API V2 endpoints and limited v1.1 endpoints (e.g. media post, oauth) only. If you need access to this endpoint, you may need a different access level. You can learn more here: https://developer.x.com/en/portal/product
2025-01-16 17:09:39,448 - ERROR - Error in main loop: 403 Forbidden
453 - You currently have access to a subset of X API V2 endpoints and limited v1.1 endpoints (e.g. media post, oauth) only. If you need access to this endpoint, you may need a different access level. You can learn more here: https://developer.x.com/en/portal/product
2025-01-16 17:10:12,158 - ERROR - Error in main loop: 403 Forbidden
453 - You currently have access to a subset of X API V2 endpoints and limited v1.1 endpoints (e.g. media post, oauth) only. If you need access to this endpoint, you may need a different access level. You can learn more here: https://developer.x.com/en/portal/product
2025-01-16 17:10:45,627 - ERROR - Error in main loop: 403 Forbidden
453 - You currently have access to a subset of X API V2 endpoints and limited v1.1 endpoints (e.g. media post, oauth) only. If you need access to this endpoint, you may need a different access level. You can learn more here: https://developer.x.com/en/portal/product
2025-01-16 17:11:18,677 - ERROR - Error in main loop: 403 Forbidden
453 - You currently have access to a subset of X API V2 endpoints and limited v1.1 endpoints (e.g. media post, oauth) only. If you need access to this endpoint, you may need a different access level. You can learn more here: https://developer.x.com/en/portal/product
2025-01-16 17:11:50,916 - ERROR - Error in main loop: 403 Forbidden
453 - You currently have access to a subset of X API V2 endpoints and limited v1.1 endpoints (e.g. media post, oauth) only. If you need access to this endpoint, you may need a different access level. You can learn more here: https://developer.x.com/en/portal/product
2025-01-16 17:12:23,597 - ERROR - Error in main loop: 403 Forbidden
453 - You currently have access to a subset of X API V2 endpoints and limited v1.1 endpoints (e.g. media post, oauth) only. If you need access to this endpoint, you may need a different access level. You can learn more here: https://developer.x.com/en/portal/product
2025-01-16 17:12:56,141 - ERROR - Error in main loop: 403 Forbidden
453 - You currently have access to a subset of X API V2 endpoints and limited v1.1 endpoints (e.g. media post, oauth) only. If you need access to this endpoint, you may need a different access level. You can learn more here: https://developer.x.com/en/portal/product
2025-01-16 17:13:28,284 - ERROR - Error in main loop: 403 Forbidden
453 - You currently have access to a subset of X API V2 endpoints and limited v1.1 endpoints (e.g. media post, oauth) only. If you need access to this endpoint, you may need a different access level. You can learn more here: https://developer.x.com/en/portal/product
2025-01-16 17:14:01,227 - ERROR - Error in main loop: 403 Forbidden
453 - You currently have access to a subset of X API V2 endpoints and limited v1.1 endpoints (e.g. media post, oauth) only. If you need access to this endpoint, you may need a different access level. You can learn more here: https://developer.x.com/en/portal/product
2025-01-16 17:14:33,762 - ERROR - Error in main loop: 403 Forbidden
453 - You currently have access to a subset of X API V2 endpoints and limited v1.1 endpoints (e.g. media post, oauth) only. If you need access to this endpoint, you may need a different access level. You can learn more here: https://developer.x.com/en/portal/product
2025-01-16 17:15:06,395 - ERROR - Error in main loop: 403 Forbidden
453 - You currently have access to a subset of X API V2 endpoints and limited v1.1 endpoints (e.g. media post, oauth) only. If you need access to this endpoint, you may need a different access level. You can learn more here: https://developer.x.com/en/portal/product
2025-01-16 17:15:38,710 - ERROR - Error in main loop: 403 Forbidden
453 - You currently have access to a subset of X API V2 endpoints and limited v1.1 endpoints (e.g. media post, oauth) only. If you need access to this endpoint, you may need a different access level. You can learn more here: https://developer.x.com/en/portal/product
2025-01-16 17:16:11,035 - ERROR - Error in main loop: 403 Forbidden
453 - You currently have access to a subset of X API V2 endpoints and limited v1.1 endpoints (e.g. media post, oauth) only. If you need access to this endpoint, you may need a different access level. You can learn more here: https://developer.x.com/en/portal/product
2025-01-16 17:16:43,838 - ERROR - Error in main loop: 403 Forbidden
453 - You currently have access to a subset of X API V2 endpoints and limited v1.1 endpoints (e.g. media post, oauth) only. If you need access to this endpoint, you may need a different access level. You can learn more here: https://developer.x.com/en/portal/product
2025-01-16 17:17:16,788 - ERROR - Error in main loop: 403 Forbidden
453 - You currently have access to a subset of X API V2 endpoints and limited v1.1 endpoints (e.g. media post, oauth) only. If you need access to this endpoint, you may need a different access level. You can learn more here: https://developer.x.com/en/portal/product
2025-01-16 17:17:50,419 - ERROR - Error in main loop: 403 Forbidden
453 - You currently have access to a subset of X API V2 endpoints and limited v1.1 endpoints (e.g. media post, oauth) only. If you need access to this endpoint, you may need a different access level. You can learn more here: https://developer.x.com/en/portal/product
2025-01-16 17:18:23,210 - ERROR - Error in main loop: 403 Forbidden
453 - You currently have access to a subset of X API V2 endpoints and limited v1.1 endpoints (e.g. media post, oauth) only. If you need access to this endpoint, you may need a different access level. You can learn more here: https://developer.x.com/en/portal/product
2025-01-16 17:18:55,596 - ERROR - Error in main loop: 403 Forbidden
453 - You currently have access to a subset of X API V2 endpoints and limited v1.1 endpoints (e.g. media post, oauth) only. If you need access to this endpoint, you may need a different access level. You can learn more here: https://developer.x.com/en/portal/product
2025-01-16 17:19:28,676 - ERROR - Error in main loop: 403 Forbidden
453 - You currently have access to a subset of X API V2 endpoints and limited v1.1 endpoints (e.g. media post, oauth) only. If you need access to this endpoint, you may need a different access level. You can learn more here: https://developer.x.com/en/portal/product
2025-01-16 17:20:01,623 - ERROR - Error in main loop: 403 Forbidden
453 - You currently have access to a subset of X API V2 endpoints and limited v1.1 endpoints (e.g. media post, oauth) only. If you need access to this endpoint, you may need a different access level. You can learn more here: https://developer.x.com/en/portal/product
2025-01-16 17:20:35,213 - ERROR - Error in main loop: 403 Forbidden
453 - You currently have access to a subset of X API V2 endpoints and limited v1.1 endpoints (e.g. media post, oauth) only. If you need access to this endpoint, you may need a different access level. You can learn more here: https://developer.x.com/en/portal/product
2025-01-16 17:21:08,003 - ERROR - Error in main loop: 403 Forbidden
453 - You currently have access to a subset of X API V2 endpoints and limited v1.1 endpoints (e.g. media post, oauth) only. If you need access to this endpoint, you may need a different access level. You can learn more here: https://developer.x.com/en/portal/product
2025-01-16 17:21:40,444 - ERROR - Error in main loop: 403 Forbidden
453 - You currently have access to a subset of X API V2 endpoints and limited v1.1 endpoints (e.g. media post, oauth) only. If you need access to this endpoint, you may need a different access level. You can learn more here: https://developer.x.com/en/portal/product
2025-01-16 17:22:13,038 - ERROR - Error in main loop: 403 Forbidden
453 - You currently have access to a subset of X API V2 endpoints and limited v1.1 endpoints (e.g. media post, oauth) only. If you need access to this endpoint, you may need a different access level. You can learn more here: https://developer.x.com/en/portal/product
2025-01-16 17:22:45,494 - ERROR - Error in main loop: 403 Forbidden
453 - You currently have access to a subset of X API V2 endpoints and limited v1.1 endpoints (e.g. media post, oauth) only. If you need access to this endpoint, you may need a different access level. You can learn more here: https://developer.x.com/en/portal/product
2025-01-16 17:23:17,936 - ERROR - Error in main loop: 403 Forbidden
453 - You currently have access to a subset of X API V2 endpoints and limited v1.1 endpoints (e.g. media post, oauth) only. If you need access to this endpoint, you may need a different access level. You can learn more here: https://developer.x.com/en/portal/product
2025-01-16 17:23:49,882 - ERROR - Error in main loop: 403 Forbidden
453 - You currently have access to a subset of X API V2 endpoints and limited v1.1 endpoints (e.g. media post, oauth) only. If you need access to this endpoint, you may need a different access level. You can learn more here: https://developer.x.com/en/portal/product
2025-01-16 17:24:21,896 - ERROR - Error in main loop: 403 Forbidden
453 - You currently have access to a subset of X API V2 endpoints and limited v1.1 endpoints (e.g. media post, oauth) only. If you need access to this endpoint, you may need a different access level. You can learn more here: https://developer.x.com/en/portal/product
2025-01-16 17:24:54,224 - ERROR - Error in main loop: 403 Forbidden
453 - You currently have access to a subset of X API V2 endpoints and limited v1.1 endpoints (e.g. media post, oauth) only. If you need access to this endpoint, you may need a different access level. You can learn more here: https://developer.x.com/en/portal/product
2025-01-16 17:25:27,281 - ERROR - Error in main loop: 403 Forbidden
453 - You currently have access to a subset of X API V2 endpoints and limited v1.1 endpoints (e.g. media post, oauth) only. If you need access to this endpoint, you may need a different access level. You can learn more here: https://developer.x.com/en/portal/product
2025-01-16 17:26:00,754 - ERROR - Error in main loop: 403 Forbidden
453 - You currently have access to a subset of X API V2 endpoints and limited v1.1 endpoints (e.g. media post, oauth) only. If you need access to this endpoint, you may need a different access level. You can learn more here: https://developer.x.com/en/portal/product
2025-01-16 17:26:33,231 - ERROR - Error in main loop: 403 Forbidden
453 - You currently have access to a subset of X API V2 endpoints and limited v1.1 endpoints (e.g. media post, oauth) only. If you need access to this endpoint, you may need a different access level. You can learn more here: https://developer.x.com/en/portal/product
2025-01-16 17:27:06,005 - ERROR - Error in main loop: 403 Forbidden
453 - You currently have access to a subset of X API V2 endpoints and limited v1.1 endpoints (e.g. media post, oauth) only. If you need access to this endpoint, you may need a different access level. You can learn more here: https://developer.x.com/en/portal/product
2025-01-16 17:27:38,353 - ERROR - Error in main loop: 403 Forbidden
453 - You currently have access to a subset of X API V2 endpoints and limited v1.1 endpoints (e.g. media post, oauth) only. If you need access to this endpoint, you may need a different access level. You can learn more here: https://developer.x.com/en/portal/product
2025-01-16 17:28:11,130 - ERROR - Error in main loop: 403 Forbidden
453 - You currently have access to a subset of X API V2 endpoints and limited v1.1 endpoints (e.g. media post, oauth) only. If you need access to this endpoint, you may need a different access level. You can learn more here: https://developer.x.com/en/portal/product
2025-01-16 17:28:43,990 - ERROR - Error in main loop: 403 Forbidden
453 - You currently have access to a subset of X API V2 endpoints and limited v1.1 endpoints (e.g. media post, oauth) only. If you need access to this endpoint, you may need a different access level. You can learn more here: https://developer.x.com/en/portal/product
2025-01-16 17:29:17,403 - ERROR - Error in main loop: 403 Forbidden
453 - You currently have access to a subset of X API V2 endpoints and limited v1.1 endpoints (e.g. media post, oauth) only. If you need access to this endpoint, you may need a different access level. You can learn more here: https://developer.x.com/en/portal/product
2025-01-16 17:29:49,948 - ERROR - Error in main loop: 403 Forbidden
453 - You currently have access to a subset of X API V2 endpoints and limited v1.1 endpoints (e.g. media post, oauth) only. If you need access to this endpoint, you may need a different access level. You can learn more here: https://developer.x.com/en/portal/product
2025-01-16 17:30:22,240 - ERROR - Error in main loop: 403 Forbidden
453 - You currently have access to a subset of X API V2 endpoints and limited v1.1 endpoints (e.g. media post, oauth) only. If you need access to this endpoint, you may need a different access level. You can learn more here: https://developer.x.com/en/portal/product
2025-01-16 17:30:54,542 - ERROR - Error in main loop: 403 Forbidden
453 - You currently have access to a subset of X API V2 endpoints and limited v1.1 endpoints (e.g. media post, oauth) only. If you need access to this endpoint, you may need a different access level. You can learn more here: https://developer.x.com/en/portal/product
2025-01-16 17:31:26,305 - ERROR - Error in main loop: 403 Forbidden
453 - You currently have access to a subset of X API V2 endpoints and limited v1.1 endpoints (e.g. media post, oauth) only. If you need access to this endpoint, you may need a different access level. You can learn more here: https://developer.x.com/en/portal/product
2025-01-16 17:31:59,038 - ERROR - Error in main loop: 403 Forbidden
453 - You currently have access to a subset of X API V2 endpoints and limited v1.1 endpoints (e.g. media post, oauth) only. If you need access to this endpoint, you may need a different access level. You can learn more here: https://developer.x.com/en/portal/product
2025-01-16 17:32:31,586 - ERROR - Error in main loop: 403 Forbidden
453 - You currently have access to a subset of X API V2 endpoints and limited v1.1 endpoints (e.g. media post, oauth) only. If you need access to this endpoint, you may need a different access level. You can learn more here: https://developer.x.com/en/portal/product
2025-01-16 17:33:04,164 - ERROR - Error in main loop: 403 Forbidden
453 - You currently have access to a subset of X API V2 endpoints and limited v1.1 endpoints (e.g. media post, oauth) only. If you need access to this endpoint, you may need a different access level. You can learn more here: https://developer.x.com/en/portal/product
2025-01-16 17:33:36,710 - ERROR - Error in main loop: 403 Forbidden
453 - You currently have access to a subset of X API V2 endpoints and limited v1.1 endpoints (e.g. media post, oauth) only. If you need access to this endpoint, you may need a different access level. You can learn more here: https://developer.x.com/en/portal/product
2025-01-16 17:34:09,893 - ERROR - Error in main loop: 403 Forbidden
453 - You currently have access to a subset of X API V2 endpoints and limited v1.1 endpoints (e.g. media post, oauth) only. If you need access to this endpoint, you may need a different access level. You can learn more here: https://developer.x.com/en/portal/product
2025-01-16 17:34:42,861 - ERROR - Error in main loop: 403 Forbidden
453 - You currently have access to a subset of X API V2 endpoints and limited v1.1 endpoints (e.g. media post, oauth) only. If you need access to this endpoint, you may need a different access level. You can learn more here: https://developer.x.com/en/portal/product
2025-01-16 17:35:15,432 - ERROR - Error in main loop: 403 Forbidden
453 - You currently have access to a subset of X API V2 endpoints and limited v1.1 endpoints (e.g. media post, oauth) only. If you need access to this endpoint, you may need a different access level. You can learn more here: https://developer.x.com/en/portal/product
2025-01-16 17:35:48,884 - ERROR - Error in main loop: 403 Forbidden
453 - You currently have access to a subset of X API V2 endpoints and limited v1.1 endpoints (e.g. media post, oauth) only. If you need access to this endpoint, you may need a different access level. You can learn more here: https://developer.x.com/en/portal/product
2025-01-16 17:36:21,393 - ERROR - Error in main loop: 403 Forbidden
453 - You currently have access to a subset of X API V2 endpoints and limited v1.1 endpoints (e.g. media post, oauth) only. If you need access to this endpoint, you may need a different access level. You can learn more here: https://developer.x.com/en/portal/product
2025-01-16 17:36:53,611 - ERROR - Error in main loop: 403 Forbidden
453 - You currently have access to a subset of X API V2 endpoints and limited v1.1 endpoints (e.g. media post, oauth) only. If you need access to this endpoint, you may need a different access level. You can learn more here: https://developer.x.com/en/portal/product
2025-01-16 17:37:26,757 - ERROR - Error in main loop: 403 Forbidden
453 - You currently have access to a subset of X API V2 endpoints and limited v1.1 endpoints (e.g. media post, oauth) only. If you need access to this endpoint, you may need a different access level. You can learn more here: https://developer.x.com/en/portal/product
2025-01-16 17:37:59,382 - ERROR - Error in main loop: 403 Forbidden
453 - You currently have access to a subset of X API V2 endpoints and limited v1.1 endpoints (e.g. media post, oauth) only. If you need access to this endpoint, you may need a different access level. You can learn more here: https://developer.x.com/en/portal/product
2025-01-16 17:38:31,339 - ERROR - Error in main loop: 403 Forbidden
453 - You currently have access to a subset of X API V2 endpoints and limited v1.1 endpoints (e.g. media post, oauth) only. If you need access to this endpoint, you may need a different access level. You can learn more here: https://developer.x.com/en/portal/product
2025-01-16 17:39:03,772 - ERROR - Error in main loop: 403 Forbidden
453 - You currently have access to a subset of X API V2 endpoints and limited v1.1 endpoints (e.g. media post, oauth) only. If you need access to this endpoint, you may need a different access level. You can learn more here: https://developer.x.com/en/portal/product
2025-01-16 17:39:36,027 - ERROR - Error in main loop: 403 Forbidden
453 - You currently have access to a subset of X API V2 endpoints and limited v1.1 endpoints (e.g. media post, oauth) only. If you need access to this endpoint, you may need a different access level. You can learn more here: https://developer.x.com/en/portal/product
2025-01-16 17:40:10,102 - ERROR - Error in main loop: 403 Forbidden
453 - You currently have access to a subset of X API V2 endpoints and limited v1.1 endpoints (e.g. media post, oauth) only. If you need access to this endpoint, you may need a different access level. You can learn more here: https://developer.x.com/en/portal/product
2025-01-16 17:40:43,280 - ERROR - Error in main loop: 403 Forbidden
453 - You currently have access to a subset of X API V2 endpoints and limited v1.1 endpoints (e.g. media post, oauth) only. If you need access to this endpoint, you may need a different access level. You can learn more here: https://developer.x.com/en/portal/product
2025-01-16 17:41:16,721 - ERROR - Error in main loop: 403 Forbidden
453 - You currently have access to a subset of X API V2 endpoints and limited v1.1 endpoints (e.g. media post, oauth) only. If you need access to this endpoint, you may need a different access level. You can learn more here: https://developer.x.com/en/portal/product
2025-01-16 17:41:48,907 - ERROR - Error in main loop: 403 Forbidden
453 - You currently have access to a subset of X API V2 endpoints and limited v1.1 endpoints (e.g. media post, oauth) only. If you need access to this endpoint, you may need a different access level. You can learn more here: https://developer.x.com/en/portal/product
2025-01-16 17:42:23,149 - ERROR - Error in main loop: 403 Forbidden
453 - You currently have access to a subset of X API V2 endpoints and limited v1.1 endpoints (e.g. media post, oauth) only. If you need access to this endpoint, you may need a different access level. You can learn more here: https://developer.x.com/en/portal/product
2025-01-16 17:42:55,451 - ERROR - Error in main loop: 403 Forbidden
453 - You currently have access to a subset of X API V2 endpoints and limited v1.1 endpoints (e.g. media post, oauth) only. If you need access to this endpoint, you may need a different access level. You can learn more here: https://developer.x.com/en/portal/product
2025-01-16 17:43:27,910 - ERROR - Error in main loop: 403 Forbidden
453 - You currently have access to a subset of X API V2 endpoints and limited v1.1 endpoints (e.g. media post, oauth) only. If you need access to this endpoint, you may need a different access level. You can learn more here: https://developer.x.com/en/portal/product
2025-01-16 17:44:00,832 - ERROR - Error in main loop: 403 Forbidden
453 - You currently have access to a subset of X API V2 endpoints and limited v1.1 endpoints (e.g. media post, oauth) only. If you need access to this endpoint, you may need a different access level. You can learn more here: https://developer.x.com/en/portal/product
2025-01-16 17:44:33,319 - ERROR - Error in main loop: 403 Forbidden
453 - You currently have access to a subset of X API V2 endpoints and limited v1.1 endpoints (e.g. media post, oauth) only. If you need access to this endpoint, you may need a different access level. You can learn more here: https://developer.x.com/en/portal/product
2025-01-16 17:45:06,508 - ERROR - Error in main loop: 403 Forbidden
453 - You currently have access to a subset of X API V2 endpoints and limited v1.1 endpoints (e.g. media post, oauth) only. If you need access to this endpoint, you may need a different access level. You can learn more here: https://developer.x.com/en/portal/product
2025-01-16 17:45:38,770 - ERROR - Error in main loop: 403 Forbidden
453 - You currently have access to a subset of X API V2 endpoints and limited v1.1 endpoints (e.g. media post, oauth) only. If you need access to this endpoint, you may need a different access level. You can learn more here: https://developer.x.com/en/portal/product
2025-01-16 17:46:11,335 - ERROR - Error in main loop: 403 Forbidden
453 - You currently have access to a subset of X API V2 endpoints and limited v1.1 endpoints (e.g. media post, oauth) only. If you need access to this endpoint, you may need a different access level. You can learn more here: https://developer.x.com/en/portal/product
2025-01-16 17:46:43,910 - ERROR - Error in main loop: 403 Forbidden
453 - You currently have access to a subset of X API V2 endpoints and limited v1.1 endpoints (e.g. media post, oauth) only. If you need access to this endpoint, you may need a different access level. You can learn more here: https://developer.x.com/en/portal/product
2025-01-16 17:47:17,180 - ERROR - Error in main loop: 403 Forbidden
453 - You currently have access to a subset of X API V2 endpoints and limited v1.1 endpoints (e.g. media post, oauth) only. If you need access to this endpoint, you may need a different access level. You can learn more here: https://developer.x.com/en/portal/product
2025-01-16 17:47:49,339 - ERROR - Error in main loop: 403 Forbidden
453 - You currently have access to a subset of X API V2 endpoints and limited v1.1 endpoints (e.g. media post, oauth) only. If you need access to this endpoint, you may need a different access level. You can learn more here: https://developer.x.com/en/portal/product
2025-01-16 17:48:21,330 - ERROR - Error in main loop: 403 Forbidden
453 - You currently have access to a subset of X API V2 endpoints and limited v1.1 endpoints (e.g. media post, oauth) only. If you need access to this endpoint, you may need a different access level. You can learn more here: https://developer.x.com/en/portal/product
2025-01-16 17:48:53,966 - ERROR - Error in main loop: 403 Forbidden
453 - You currently have access to a subset of X API V2 endpoints and limited v1.1 endpoints (e.g. media post, oauth) only. If you need access to this endpoint, you may need a different access level. You can learn more here: https://developer.x.com/en/portal/product
2025-01-16 17:49:09,008 - INFO - Updating DOJ addresses...
2025-01-16 17:49:09,008 - INFO - Starting Bitcoin Monitor...
2025-01-16 17:49:12,061 - ERROR - Error in main loop: module 'tweepy' has no attribute 'TweepError'
2025-01-16 17:49:16,336 - INFO - Found 0 new DOJ addresses
2025-01-16 17:49:45,187 - ERROR - Error in main loop: module 'tweepy' has no attribute 'TweepError'
2025-01-16 17:50:17,338 - ERROR - Error in main loop: module 'tweepy' has no attribute 'TweepError'
2025-01-16 17:50:50,078 - ERROR - Error in main loop: module 'tweepy' has no attribute 'TweepError'
2025-01-16 17:52:50,876 - INFO - Updating DOJ addresses...
2025-01-16 17:52:50,876 - INFO - Starting Bitcoin Monitor...
2025-01-16 17:52:53,372 - ERROR - Twitter API Error: 403 Forbidden
453 - You currently have access to a subset of X API V2 endpoints and limited v1.1 endpoints (e.g. media post, oauth) only. If you need access to this endpoint, you may need a different access level. You can learn more here: https://developer.x.com/en/portal/product
2025-01-16 17:52:53,372 - ERROR - Response: {"errors":[{"message":"You currently have access to a subset of X API V2 endpoints and limited v1.1 endpoints (e.g. media post, oauth) only. If you need access to this endpoint, you may need a different access level. You can learn more here: https://developer.x.com/en/portal/product","code":453}]}

2025-01-16 17:52:53,966 - INFO - Found 0 new DOJ addresses
2025-01-16 17:53:55,337 - ERROR - Twitter API Error: 403 Forbidden
453 - You currently have access to a subset of X API V2 endpoints and limited v1.1 endpoints (e.g. media post, oauth) only. If you need access to this endpoint, you may need a different access level. You can learn more here: https://developer.x.com/en/portal/product
2025-01-16 17:53:55,337 - ERROR - Response: {"errors":[{"message":"You currently have access to a subset of X API V2 endpoints and limited v1.1 endpoints (e.g. media post, oauth) only. If you need access to this endpoint, you may need a different access level. You can learn more here: https://developer.x.com/en/portal/product","code":453}]}

2025-01-16 17:54:57,384 - ERROR - Twitter API Error: 403 Forbidden
453 - You currently have access to a subset of X API V2 endpoints and limited v1.1 endpoints (e.g. media post, oauth) only. If you need access to this endpoint, you may need a different access level. You can learn more here: https://developer.x.com/en/portal/product
2025-01-16 17:54:57,384 - ERROR - Response: {"errors":[{"message":"You currently have access to a subset of X API V2 endpoints and limited v1.1 endpoints (e.g. media post, oauth) only. If you need access to this endpoint, you may need a different access level. You can learn more here: https://developer.x.com/en/portal/product","code":453}]}

2025-01-16 17:56:00,480 - ERROR - Twitter API Error: 403 Forbidden
453 - You currently have access to a subset of X API V2 endpoints and limited v1.1 endpoints (e.g. media post, oauth) only. If you need access to this endpoint, you may need a different access level. You can learn more here: https://developer.x.com/en/portal/product
2025-01-16 17:56:00,481 - ERROR - Response: {"errors":[{"message":"You currently have access to a subset of X API V2 endpoints and limited v1.1 endpoints (e.g. media post, oauth) only. If you need access to this endpoint, you may need a different access level. You can learn more here: https://developer.x.com/en/portal/product","code":453}]}

2025-01-16 17:56:34,325 - INFO - Updating DOJ addresses...
2025-01-16 17:56:34,325 - INFO - Starting Bitcoin Monitor...
2025-01-16 17:56:37,287 - ERROR - Error posting tweet: 403 Forbidden
453 - You currently have access to a subset of X API V2 endpoints and limited v1.1 endpoints (e.g. media post, oauth) only. If you need access to this endpoint, you may need a different access level. You can learn more here: https://developer.x.com/en/portal/product
2025-01-16 17:56:40,769 - INFO - Found 0 new DOJ addresses
2025-01-16 17:57:39,827 - ERROR - Error posting tweet: 403 Forbidden
453 - You currently have access to a subset of X API V2 endpoints and limited v1.1 endpoints (e.g. media post, oauth) only. If you need access to this endpoint, you may need a different access level. You can learn more here: https://developer.x.com/en/portal/product
2025-01-16 17:58:42,084 - ERROR - Error posting tweet: 403 Forbidden
453 - You currently have access to a subset of X API V2 endpoints and limited v1.1 endpoints (e.g. media post, oauth) only. If you need access to this endpoint, you may need a different access level. You can learn more here: https://developer.x.com/en/portal/product
2025-01-16 17:59:44,219 - ERROR - Error posting tweet: 403 Forbidden
453 - You currently have access to a subset of X API V2 endpoints and limited v1.1 endpoints (e.g. media post, oauth) only. If you need access to this endpoint, you may need a different access level. You can learn more here: https://developer.x.com/en/portal/product
2025-01-16 18:00:08,944 - INFO - Updating DOJ addresses...
2025-01-16 18:00:08,944 - INFO - Starting Bitcoin Monitor...
2025-01-16 18:00:11,485 - ERROR - Error posting tweet: 403 Forbidden
453 - You currently have access to a subset of X API V2 endpoints and limited v1.1 endpoints (e.g. media post, oauth) only. If you need access to this endpoint, you may need a different access level. You can learn more here: https://developer.x.com/en/portal/product
2025-01-16 18:00:26,483 - INFO - Found 0 new DOJ addresses
2025-01-16 18:01:13,313 - ERROR - Error posting tweet: 403 Forbidden
453 - You currently have access to a subset of X API V2 endpoints and limited v1.1 endpoints (e.g. media post, oauth) only. If you need access to this endpoint, you may need a different access level. You can learn more here: https://developer.x.com/en/portal/product
2025-01-16 18:02:15,269 - ERROR - Error posting tweet: 403 Forbidden
453 - You currently have access to a subset of X API V2 endpoints and limited v1.1 endpoints (e.g. media post, oauth) only. If you need access to this endpoint, you may need a different access level. You can learn more here: https://developer.x.com/en/portal/product
2025-01-16 18:03:19,928 - ERROR - Error posting tweet: 403 Forbidden
453 - You currently have access to a subset of X API V2 endpoints and limited v1.1 endpoints (e.g. media post, oauth) only. If you need access to this endpoint, you may need a different access level. You can learn more here: https://developer.x.com/en/portal/product
2025-01-16 18:04:22,888 - ERROR - Error posting tweet: 403 Forbidden
453 - You currently have access to a subset of X API V2 endpoints and limited v1.1 endpoints (e.g. media post, oauth) only. If you need access to this endpoint, you may need a different access level. You can learn more here: https://developer.x.com/en/portal/product
2025-01-16 18:05:26,456 - ERROR - Error posting tweet: 403 Forbidden
453 - You currently have access to a subset of X API V2 endpoints and limited v1.1 endpoints (e.g. media post, oauth) only. If you need access to this endpoint, you may need a different access level. You can learn more here: https://developer.x.com/en/portal/product
2025-01-16 18:06:28,262 - ERROR - Error posting tweet: 403 Forbidden
453 - You currently have access to a subset of X API V2 endpoints and limited v1.1 endpoints (e.g. media post, oauth) only. If you need access to this endpoint, you may need a different access level. You can learn more here: https://developer.x.com/en/portal/product
2025-01-16 18:07:30,090 - ERROR - Error posting tweet: 403 Forbidden
453 - You currently have access to a subset of X API V2 endpoints and limited v1.1 endpoints (e.g. media post, oauth) only. If you need access to this endpoint, you may need a different access level. You can learn more here: https://developer.x.com/en/portal/product
2025-01-16 18:08:31,701 - ERROR - Error posting tweet: 403 Forbidden
453 - You currently have access to a subset of X API V2 endpoints and limited v1.1 endpoints (e.g. media post, oauth) only. If you need access to this endpoint, you may need a different access level. You can learn more here: https://developer.x.com/en/portal/product
2025-01-16 18:09:33,362 - ERROR - Error posting tweet: 403 Forbidden
453 - You currently have access to a subset of X API V2 endpoints and limited v1.1 endpoints (e.g. media post, oauth) only. If you need access to this endpoint, you may need a different access level. You can learn more here: https://developer.x.com/en/portal/product
2025-01-16 18:10:35,452 - ERROR - Error posting tweet: 403 Forbidden
453 - You currently have access to a subset of X API V2 endpoints and limited v1.1 endpoints (e.g. media post, oauth) only. If you need access to this endpoint, you may need a different access level. You can learn more here: https://developer.x.com/en/portal/product
2025-01-16 18:11:37,357 - ERROR - Error posting tweet: 403 Forbidden
453 - You currently have access to a subset of X API V2 endpoints and limited v1.1 endpoints (e.g. media post, oauth) only. If you need access to this endpoint, you may need a different access level. You can learn more here: https://developer.x.com/en/portal/product
2025-01-16 18:12:39,048 - ERROR - Error posting tweet: 403 Forbidden
453 - You currently have access to a subset of X API V2 endpoints and limited v1.1 endpoints (e.g. media post, oauth) only. If you need access to this endpoint, you may need a different access level. You can learn more here: https://developer.x.com/en/portal/product
2025-01-16 18:13:40,743 - ERROR - Error posting tweet: 403 Forbidden
453 - You currently have access to a subset of X API V2 endpoints and limited v1.1 endpoints (e.g. media post, oauth) only. If you need access to this endpoint, you may need a different access level. You can learn more here: https://developer.x.com/en/portal/product
2025-01-16 18:14:42,330 - ERROR - Error posting tweet: 403 Forbidden
453 - You currently have access to a subset of X API V2 endpoints and limited v1.1 endpoints (e.g. media post, oauth) only. If you need access to this endpoint, you may need a different access level. You can learn more here: https://developer.x.com/en/portal/product
2025-01-16 18:15:44,382 - ERROR - Error posting tweet: 403 Forbidden
453 - You currently have access to a subset of X API V2 endpoints and limited v1.1 endpoints (e.g. media post, oauth) only. If you need access to this endpoint, you may need a different access level. You can learn more here: https://developer.x.com/en/portal/product
2025-01-16 18:16:46,384 - ERROR - Error posting tweet: 403 Forbidden
453 - You currently have access to a subset of X API V2 endpoints and limited v1.1 endpoints (e.g. media post, oauth) only. If you need access to this endpoint, you may need a different access level. You can learn more here: https://developer.x.com/en/portal/product
2025-01-16 18:17:48,416 - ERROR - Error posting tweet: 403 Forbidden
453 - You currently have access to a subset of X API V2 endpoints and limited v1.1 endpoints (e.g. media post, oauth) only. If you need access to this endpoint, you may need a different access level. You can learn more here: https://developer.x.com/en/portal/product
2025-01-16 18:18:50,439 - ERROR - Error posting tweet: 403 Forbidden
453 - You currently have access to a subset of X API V2 endpoints and limited v1.1 endpoints (e.g. media post, oauth) only. If you need access to this endpoint, you may need a different access level. You can learn more here: https://developer.x.com/en/portal/product
2025-01-16 18:19:52,299 - ERROR - Error posting tweet: 403 Forbidden
453 - You currently have access to a subset of X API V2 endpoints and limited v1.1 endpoints (e.g. media post, oauth) only. If you need access to this endpoint, you may need a different access level. You can learn more here: https://developer.x.com/en/portal/product
2025-01-16 18:20:03,459 - INFO - Updating DOJ addresses...
2025-01-16 18:20:03,459 - INFO - Starting Bitcoin Monitor...
2025-01-16 18:20:05,318 - ERROR - Error posting tweet: 403 Forbidden
453 - You currently have access to a subset of X API V2 endpoints and limited v1.1 endpoints (e.g. media post, oauth) only. If you need access to this endpoint, you may need a different access level. You can learn more here: https://developer.x.com/en/portal/product
2025-01-16 18:20:08,827 - INFO - Found 0 new DOJ addresses
2025-01-16 18:21:07,110 - ERROR - Error posting tweet: 403 Forbidden
453 - You currently have access to a subset of X API V2 endpoints and limited v1.1 endpoints (e.g. media post, oauth) only. If you need access to this endpoint, you may need a different access level. You can learn more here: https://developer.x.com/en/portal/product
2025-01-16 18:22:09,174 - ERROR - Error posting tweet: 403 Forbidden
453 - You currently have access to a subset of X API V2 endpoints and limited v1.1 endpoints (e.g. media post, oauth) only. If you need access to this endpoint, you may need a different access level. You can learn more here: https://developer.x.com/en/portal/product
2025-01-16 18:24:39,533 - ERROR - Error posting tweet: 403 Forbidden
453 - You currently have access to a subset of X API V2 endpoints and limited v1.1 endpoints (e.g. media post, oauth) only. If you need access to this endpoint, you may need a different access level. You can learn more here: https://developer.x.com/en/portal/product
2025-01-16 18:25:41,175 - ERROR - Error posting tweet: 403 Forbidden
453 - You currently have access to a subset of X API V2 endpoints and limited v1.1 endpoints (e.g. media post, oauth) only. If you need access to this endpoint, you may need a different access level. You can learn more here: https://developer.x.com/en/portal/product
2025-01-16 18:26:42,865 - ERROR - Error posting tweet: 403 Forbidden
453 - You currently have access to a subset of X API V2 endpoints and limited v1.1 endpoints (e.g. media post, oauth) only. If you need access to this endpoint, you may need a different access level. You can learn more here: https://developer.x.com/en/portal/product
2025-01-16 18:27:44,473 - ERROR - Error posting tweet: 403 Forbidden
453 - You currently have access to a subset of X API V2 endpoints and limited v1.1 endpoints (e.g. media post, oauth) only. If you need access to this endpoint, you may need a different access level. You can learn more here: https://developer.x.com/en/portal/product
2025-01-16 18:28:46,053 - ERROR - Error posting tweet: 403 Forbidden
453 - You currently have access to a subset of X API V2 endpoints and limited v1.1 endpoints (e.g. media post, oauth) only. If you need access to this endpoint, you may need a different access level. You can learn more here: https://developer.x.com/en/portal/product
2025-01-17 09:49:39,464 - INFO - Updating DOJ addresses...
2025-01-17 09:49:39,464 - INFO - Starting Bitcoin Monitor...
2025-01-17 09:49:41,209 - INFO - Found 0 new DOJ addresses
2025-01-17 09:49:41,324 - ERROR - Twitter error: 403 Forbidden
453 - You currently have access to a subset of X API V2 endpoints and limited v1.1 endpoints (e.g. media post, oauth) only. If you need access to this endpoint, you may need a different access level. You can learn more here: https://developer.x.com/en/portal/product
2025-01-17 13:41:51,690 - INFO - Updating DOJ addresses...
2025-01-17 13:41:51,690 - INFO - Starting Bitcoin Monitor...
2025-01-17 13:41:56,294 - ERROR - Twitter error: 403 Forbidden
453 - You currently have access to a subset of X API V2 endpoints and limited v1.1 endpoints (e.g. media post, oauth) only. If you need access to this endpoint, you may need a different access level. You can learn more here: https://developer.x.com/en/portal/product
2025-01-17 13:41:56,545 - INFO - Found 0 new DOJ addresses
2025-01-17 13:43:01,312 - ERROR - Twitter error: 403 Forbidden
453 - You currently have access to a subset of X API V2 endpoints and limited v1.1 endpoints (e.g. media post, oauth) only. If you need access to this endpoint, you may need a different access level. You can learn more here: https://developer.x.com/en/portal/product
2025-01-17 13:44:08,061 - ERROR - Twitter error: 403 Forbidden
453 - You currently have access to a subset of X API V2 endpoints and limited v1.1 endpoints (e.g. media post, oauth) only. If you need access to this endpoint, you may need a different access level. You can learn more here: https://developer.x.com/en/portal/product
2025-01-17 13:45:12,568 - ERROR - Twitter error: 403 Forbidden
453 - You currently have access to a subset of X API V2 endpoints and limited v1.1 endpoints (e.g. media post, oauth) only. If you need access to this endpoint, you may need a different access level. You can learn more here: https://developer.x.com/en/portal/product
2025-01-17 13:46:15,904 - ERROR - Twitter error: 403 Forbidden
453 - You currently have access to a subset of X API V2 endpoints and limited v1.1 endpoints (e.g. media post, oauth) only. If you need access to this endpoint, you may need a different access level. You can learn more here: https://developer.x.com/en/portal/product
2025-01-18 08:55:56,684 - INFO - Updating DOJ addresses...
2025-01-18 08:55:56,684 - INFO - Starting Bitcoin Monitor...
2025-01-18 08:55:58,568 - INFO - Found 0 new DOJ addresses
2025-01-18 08:59:02,481 - INFO - Sleeping for 10 minutes...
2025-01-18 09:01:18,642 - INFO - Updating DOJ addresses...
2025-01-18 09:01:18,642 - INFO - Starting Bitcoin Monitor...
2025-01-18 09:01:20,471 - INFO - Found 0 new DOJ addresses
2025-01-18 09:05:46,240 - INFO - Updating DOJ addresses...
2025-01-18 09:05:46,241 - INFO - Starting Bitcoin Monitor...
2025-01-18 09:05:50,455 - INFO - Found 0 new DOJ addresses
2025-01-18 09:08:03,052 - INFO - Updating DOJ addresses...
2025-01-18 09:08:03,052 - INFO - Starting Bitcoin Monitor...
2025-01-18 09:08:04,956 - INFO - Found 0 new DOJ addresses
2025-01-18 09:11:09,033 - INFO - Sleeping for 10 minutes...
2025-01-18 09:21:09,561 - INFO - New Block: 879756 | Hash: 00000000...
2025-01-18 09:40:32,535 - INFO - Sleeping for 10 minutes...
2025-01-18 09:50:33,555 - INFO - New Block: 879758 | Hash: 00000000...
2025-01-18 10:02:51,359 - INFO - Sleeping for 10 minutes...
